<?xml version="1.0" encoding="UTF-8"?>
<!-- Generated by org.testng.reporters.JUnitReportReporter -->
<testsuite hostname="NaveenJanani-PC" name="Runner.Testrunner" tests="1" failures="0" timestamp="25 Jul 2019 03:37:06 GMT" time="44.155" errors="0">
  <testcase name="feature" time="44.155" classname="Runner.Testrunner"/>
</testsuite> <!-- Runner.Testrunner -->
